<?xml version="1.0" encoding="UTF-8"?>
<!-- Generated by org.testng.reporters.JUnitReportReporter -->
<testsuite hostname="DESKTOP-EPSUUPB" failures="0" tests="1" name="tests.InnRoadSeleniumExercise" time="43.853" errors="0" timestamp="12 Jan 2022 15:49:43 GMT" skipped="0">
  <testcase classname="tests.InnRoadSeleniumExercise" name="BaseReusableNavigation" time="43.853"/>
</testsuite> <!-- tests.InnRoadSeleniumExercise -->
